\BOOKMARK [0][-]{chapter*.2}{Введение}{}% 1
\BOOKMARK [1][-]{section*.3}{Программное обеспечение}{chapter*.2}% 2
\BOOKMARK [1][-]{section*.4}{Установка и подключение пакетов}{chapter*.2}% 3
\BOOKMARK [1][-]{section*.5}{Выполнение программного кода}{chapter*.2}% 4
\BOOKMARK [1][-]{section*.6}{Установка рабочей директории}{chapter*.2}% 5
\BOOKMARK [1][-]{section*.7}{Диагностические функции}{chapter*.2}% 6
\BOOKMARK [1][-]{section*.8}{Получение справки}{chapter*.2}% 7
\BOOKMARK [1][-]{section*.9}{Комментарии}{chapter*.2}% 8
\BOOKMARK [1][-]{section*.10}{Стандарт оформления кода на R}{chapter*.2}% 9
\BOOKMARK [1][-]{section*.11}{Зарезервированные слова}{chapter*.2}% 10
\BOOKMARK [1][-]{section*.12}{Названия переменных}{chapter*.2}% 11
\BOOKMARK [1][-]{section*.13}{Названия специальных символов}{chapter*.2}% 12
\BOOKMARK [1][-]{section*.14}{Ссылка на пособие}{chapter*.2}% 13
\BOOKMARK [0][-]{chapter.1}{Типы данных, ввод и вывод}{}% 14
\BOOKMARK [1][-]{section.1.1}{Числа}{chapter.1}% 15
\BOOKMARK [1][-]{section.1.2}{Строки}{chapter.1}% 16
\BOOKMARK [1][-]{section.1.3}{Даты}{chapter.1}% 17
\BOOKMARK [1][-]{section.1.4}{Логические}{chapter.1}% 18
\BOOKMARK [1][-]{section.1.5}{Определение типа данных}{chapter.1}% 19
\BOOKMARK [1][-]{section.1.6}{Преобразование типов данных \173conversion\175}{chapter.1}% 20
\BOOKMARK [1][-]{section.1.7}{Ввод и вывод данных в консоли}{chapter.1}% 21
\BOOKMARK [1][-]{section.1.8}{Контрольные вопросы и задачи}{chapter.1}% 22
\BOOKMARK [0][-]{chapter.2}{Структуры данных}{}% 23
\BOOKMARK [1][-]{section.2.1}{Векторы}{chapter.2}% 24
\BOOKMARK [1][-]{section.2.2}{Матрицы}{chapter.2}% 25
\BOOKMARK [1][-]{section.2.3}{Массивы}{chapter.2}% 26
\BOOKMARK [1][-]{section.2.4}{Фреймы данных}{chapter.2}% 27
\BOOKMARK [1][-]{section.2.5}{Списки}{chapter.2}% 28
\BOOKMARK [1][-]{section.2.6}{Факторы}{chapter.2}% 29
\BOOKMARK [1][-]{section.2.7}{Контрольные вопросы и задачи}{chapter.2}% 30
\BOOKMARK [0][-]{chapter.3}{Работа с таблицами}{}% 31
\BOOKMARK [1][-]{section.3.1}{Чтение таблиц}{chapter.3}% 32
\BOOKMARK [1][-]{section.3.2}{Просмотр таблицы}{chapter.3}% 33
\BOOKMARK [1][-]{section.3.3}{Работа со столбцами}{chapter.3}% 34
\BOOKMARK [1][-]{section.3.4}{Сортировка и фильтрация}{chapter.3}% 35
\BOOKMARK [1][-]{section.3.5}{Пропущенные значения}{chapter.3}% 36
\BOOKMARK [1][-]{section.3.6}{Преобразование типов и поиск ошибок}{chapter.3}% 37
\BOOKMARK [1][-]{section.3.7}{Сохранение таблиц}{chapter.3}% 38
\BOOKMARK [1][-]{section.3.8}{Обработка таблиц в dplyr}{chapter.3}% 39
\BOOKMARK [1][-]{section.3.9}{Правила подготовки таблиц для чтения в R}{chapter.3}% 40
\BOOKMARK [1][-]{section.3.10}{Контрольные вопросы и задачи}{chapter.3}% 41
\BOOKMARK [0][-]{chapter.4}{Основы графики в R}{}% 42
\BOOKMARK [1][-]{section.4.1}{Столбчатые графики}{chapter.4}% 43
